Arguments: 
  /home/liuxicui/.nvm/versions/node/v7.1.0/bin/node /home/liuxicui/.nvm/versions/node/v7.1.0/bin/yarn add webpack

PATH: 
  /home/liuxicui/.nvm/versions/node/v7.1.0/bin:/usr/local/bin:/usr/bin:/bin:/usr/local/games:/usr/games

Yarn version: 
  0.21.3

Node version: 
  7.1.0

Platform: 
  linux x64

npm manifest: 
  {
    "name": "yarn-demo",
    "version": "1.0.0",
    "main": "index.js",
    "license": "MIT"
  }

yarn manifest: 
  No manifest

Lockfile: 
  No lockfile

Trace: 
  Error: connect ETIMEDOUT 104.16.62.173:443
      at Object.exports._errnoException (util.js:1022:11)
      at exports._exceptionWithHostPort (util.js:1045:20)
      at TCPConnectWrap.afterConnect [as oncomplete] (net.js:1090:14)
